<?xml version="1.0" encoding="UTF-8"?>
<testsuite name="com.studentmanagement.service.UserServiceTest" tests="12" skipped="0" failures="0" errors="0" timestamp="2026-04-21T11:19:31" hostname="DESKTOP-J5HVA04" time="0.038">
  <properties/>
  <testcase name="getAll_returnsMappedResponses()" classname="com.studentmanagement.service.UserServiceTest" time="0.002"/>
  <testcase name="updateName_whenUserExists_updatesNameAndReturns()" classname="com.studentmanagement.service.UserServiceTest" time="0.002"/>
  <testcase name="delete_whenExists_succeeds()" classname="com.studentmanagement.service.UserServiceTest" time="0.003"/>
  <testcase name="getByEmail_whenExists_returnsUserResponse()" classname="com.studentmanagement.service.UserServiceTest" time="0.002"/>
  <testcase name="create_whenDuplicateEmail_throwsIllegalArgumentException()" classname="com.studentmanagement.service.UserServiceTest" time="0.003"/>
  <testcase name="create_whenValidEmail_encodesPasswordAndSaves()" classname="com.studentmanagement.service.UserServiceTest" time="0.004"/>
  <testcase name="update_whenUserNotFound_throwsResourceNotFoundException()" classname="com.studentmanagement.service.UserServiceTest" time="0.003"/>
  <testcase name="delete_whenNotFound_throwsResourceNotFoundException()" classname="com.studentmanagement.service.UserServiceTest" time="0.003"/>
  <testcase name="updateName_whenUserNotFound_throwsResourceNotFoundException()" classname="com.studentmanagement.service.UserServiceTest" time="0.003"/>
  <testcase name="update_whenPasswordProvided_encodesAndUpdates()" classname="com.studentmanagement.service.UserServiceTest" time="0.003"/>
  <testcase name="getByEmail_whenNotFound_throwsResourceNotFoundException()" classname="com.studentmanagement.service.UserServiceTest" time="0.003"/>
  <testcase name="update_whenPasswordBlank_doesNotChangePassword()" classname="com.studentmanagement.service.UserServiceTest" time="0.002"/>
  <system-out><![CDATA[]]></system-out>
  <system-err><![CDATA[]]></system-err>
</testsuite>
