<?xml version="1.0" encoding="UTF-8"?>
<testsuite name="com.studentmanagement.service.StudentRecordServiceTest" tests="7" skipped="0" failures="0" errors="0" timestamp="2026-04-21T11:19:31" hostname="DESKTOP-J5HVA04" time="0.051">
  <properties/>
  <testcase name="update_whenAttendanceNull_doesNotChangeAttendance()" classname="com.studentmanagement.service.StudentRecordServiceTest" time="0.006"/>
  <testcase name="update_whenStudentNotFound_throwsResourceNotFoundException()" classname="com.studentmanagement.service.StudentRecordServiceTest" time="0.002"/>
  <testcase name="getRecord_whenNotFound_throwsResourceNotFoundException()" classname="com.studentmanagement.service.StudentRecordServiceTest" time="0.003"/>
  <testcase name="getRecord_whenExists_returnsResponse()" classname="com.studentmanagement.service.StudentRecordServiceTest" time="0.002"/>
  <testcase name="update_whenAttendanceNotNull_serializedToJson()" classname="com.studentmanagement.service.StudentRecordServiceTest" time="0.027"/>
  <testcase name="update_whenRecordExists_updatesFields()" classname="com.studentmanagement.service.StudentRecordServiceTest" time="0.002"/>
  <testcase name="update_whenRecordNotExists_createsNew()" classname="com.studentmanagement.service.StudentRecordServiceTest" time="0.004"/>
  <system-out><![CDATA[]]></system-out>
  <system-err><![CDATA[]]></system-err>
</testsuite>
