<?xml version="1.0" encoding="UTF-8"?>
<testsuite name="com.studentmanagement.service.GradeServiceTest" tests="17" skipped="0" failures="0" errors="0" timestamp="2026-04-21T11:19:29" hostname="DESKTOP-J5HVA04" time="0.263">
  <properties/>
  <testcase name="create_whenStudentHasNoUser_notificationSentWithNullRecipient()" classname="com.studentmanagement.service.GradeServiceTest" time="0.123"/>
  <testcase name="[1] score=90.00, expectedRank=A" classname="com.studentmanagement.service.GradeServiceTest" time="0.018"/>
  <testcase name="[2] score=89.99, expectedRank=B" classname="com.studentmanagement.service.GradeServiceTest" time="0.002"/>
  <testcase name="[3] score=80.00, expectedRank=B" classname="com.studentmanagement.service.GradeServiceTest" time="0.002"/>
  <testcase name="[4] score=79.99, expectedRank=C" classname="com.studentmanagement.service.GradeServiceTest" time="0.003"/>
  <testcase name="[5] score=70.00, expectedRank=C" classname="com.studentmanagement.service.GradeServiceTest" time="0.002"/>
  <testcase name="[6] score=69.99, expectedRank=D" classname="com.studentmanagement.service.GradeServiceTest" time="0.002"/>
  <testcase name="[7] score=60.00, expectedRank=D" classname="com.studentmanagement.service.GradeServiceTest" time="0.002"/>
  <testcase name="[8] score=59.99, expectedRank=F" classname="com.studentmanagement.service.GradeServiceTest" time="0.002"/>
  <testcase name="update_whenGradeNotFound_throwsResourceNotFoundException()" classname="com.studentmanagement.service.GradeServiceTest" time="0.003"/>
  <testcase name="getStats_calculatesEnteredCountCorrectly()" classname="com.studentmanagement.service.GradeServiceTest" time="0.009"/>
  <testcase name="delete_whenGradeNotFound_throwsResourceNotFoundException()" classname="com.studentmanagement.service.GradeServiceTest" time="0.004"/>
  <testcase name="update_whenGradeExists_recalculatesRank()" classname="com.studentmanagement.service.GradeServiceTest" time="0.005"/>
  <testcase name="create_whenValidInput_savesGradeAndSendsNotification()" classname="com.studentmanagement.service.GradeServiceTest" time="0.003"/>
  <testcase name="create_whenSubjectNotFound_throwsResourceNotFoundException()" classname="com.studentmanagement.service.GradeServiceTest" time="0.002"/>
  <testcase name="delete_whenGradeExists_succeeds()" classname="com.studentmanagement.service.GradeServiceTest" time="0.003"/>
  <testcase name="create_whenStudentNotFound_throwsResourceNotFoundException()" classname="com.studentmanagement.service.GradeServiceTest" time="0.003"/>
  <system-out><![CDATA[]]></system-out>
  <system-err><![CDATA[]]></system-err>
</testsuite>
