<?xml version="1.0" encoding="UTF-8"?>
<testsuite name="com.studentmanagement.service.StudentServiceTest" tests="8" skipped="0" failures="0" errors="0" timestamp="2026-04-21T11:19:31" hostname="DESKTOP-J5HVA04" time="0.022">
  <properties/>
  <testcase name="getAll_returnsMappedResponses()" classname="com.studentmanagement.service.StudentServiceTest" time="0.003"/>
  <testcase name="create_withUserId_linksUserAccount()" classname="com.studentmanagement.service.StudentServiceTest" time="0.003"/>
  <testcase name="create_withoutUserId_savesWithNullUser()" classname="com.studentmanagement.service.StudentServiceTest" time="0.002"/>
  <testcase name="update_whenExists_updatesAllFields()" classname="com.studentmanagement.service.StudentServiceTest" time="0.003"/>
  <testcase name="create_withInvalidUserId_throwsResourceNotFoundException()" classname="com.studentmanagement.service.StudentServiceTest" time="0.002"/>
  <testcase name="update_whenNotFound_throwsResourceNotFoundException()" classname="com.studentmanagement.service.StudentServiceTest" time="0.002"/>
  <testcase name="getById_whenNotFound_throwsResourceNotFoundException()" classname="com.studentmanagement.service.StudentServiceTest" time="0.002"/>
  <testcase name="getById_whenExists_returnsStudentResponse()" classname="com.studentmanagement.service.StudentServiceTest" time="0.001"/>
  <system-out><![CDATA[]]></system-out>
  <system-err><![CDATA[]]></system-err>
</testsuite>
