<?xml version="1.0" encoding="UTF-8"?>
<testsuite name="com.studentmanagement.controller.StudentControllerTest" tests="9" skipped="0" failures="0" errors="0" timestamp="2026-04-21T11:19:27" hostname="DESKTOP-J5HVA04" time="0.094">
  <properties/>
  <testcase name="getAll_noToken_returns403()" classname="com.studentmanagement.controller.StudentControllerTest" time="0.004"/>
  <testcase name="getAll_teacher_returns200()" classname="com.studentmanagement.controller.StudentControllerTest" time="0.014"/>
  <testcase name="getById_student_returns200()" classname="com.studentmanagement.controller.StudentControllerTest" time="0.009"/>
  <testcase name="create_teacher_returns201()" classname="com.studentmanagement.controller.StudentControllerTest" time="0.016"/>
  <testcase name="update_teacher_returns200()" classname="com.studentmanagement.controller.StudentControllerTest" time="0.009"/>
  <testcase name="getById_notFound_returns404()" classname="com.studentmanagement.controller.StudentControllerTest" time="0.008"/>
  <testcase name="getById_teacher_returns200()" classname="com.studentmanagement.controller.StudentControllerTest" time="0.006"/>
  <testcase name="update_notFound_returns404()" classname="com.studentmanagement.controller.StudentControllerTest" time="0.008"/>
  <testcase name="create_invalidRequest_returns400()" classname="com.studentmanagement.controller.StudentControllerTest" time="0.01"/>
  <system-out><![CDATA[2026-04-21T20:19:27.371+09:00  INFO 28944 --- [    Test worker] t.c.s.AnnotationConfigContextLoaderUtils : Could not detect default configuration classes for test class [com.studentmanagement.controller.StudentControllerTest]: StudentControllerTest does not declare any static, non-private, non-final, nested classes annotated with @Configuration.
2026-04-21T20:19:27.383+09:00  INFO 28944 --- [    Test worker] .b.t.c.SpringBootTestContextBootstrapper : Found @SpringBootConfiguration com.studentmanagement.StudentManagementApplication for test class com.studentmanagement.controller.StudentControllerTest
  .   ____          _            __ _ _
 /\\ / ___'_ __ _ _(_)_ __  __ _ \ \ \ \
( ( )\___ | '_ | '_| | '_ \/ _` | \ \ \ \
 \\/  ___)| |_)| | | | | || (_| |  ) ) ) )
  '  |____| .__|_| |_|_| |_\__, | / / / /
 =========|_|==============|___/=/_/_/_/

 :: Spring Boot ::                (v3.3.0)

2026-04-21T20:19:27.422+09:00  INFO 28944 --- [    Test worker] c.s.controller.StudentControllerTest     : Starting StudentControllerTest using Java 21.0.9 with PID 28944 (started by woomin in C:\Users\woomin\Desktop\Project\dev)
2026-04-21T20:19:27.422+09:00  INFO 28944 --- [    Test worker] c.s.controller.StudentControllerTest     : No active profile set, falling back to 1 default profile: "default"
2026-04-21T20:19:27.720+09:00  WARN 28944 --- [    Test worker] .s.s.UserDetailsServiceAutoConfiguration : 

Using generated security password: 16580e9b-25bd-4709-abce-6bcb0cd81a43

This generated password is for development use only. Your security configuration must be updated before running your application in production.

2026-04-21T20:19:27.721+09:00  INFO 28944 --- [    Test worker] r$InitializeUserDetailsManagerConfigurer : Global AuthenticationManager configured with UserDetailsService bean with name inMemoryUserDetailsManager
2026-04-21T20:19:27.828+09:00  INFO 28944 --- [    Test worker] o.s.s.web.DefaultSecurityFilterChain     : Will secure any request with [org.springframework.security.web.session.DisableEncodeUrlFilter@14a4ba91, org.springframework.security.web.context.request.async.WebAsyncManagerIntegrationFilter@1a9b9095, org.springframework.security.web.context.SecurityContextHolderFilter@720da195, org.springframework.security.web.header.HeaderWriterFilter@418f3cde, org.springframework.web.filter.CorsFilter@867e628, org.springframework.security.web.authentication.logout.LogoutFilter@4039d109, com.studentmanagement.config.SecurityConfig$1@47bc4445, org.springframework.security.web.savedrequest.RequestCacheAwareFilter@4dbf902, org.springframework.security.web.servletapi.SecurityContextHolderAwareRequestFilter@3c0a4c8b, org.springframework.security.web.authentication.AnonymousAuthenticationFilter@7739bcca, org.springframework.security.web.session.SessionManagementFilter@7ef3b7ac, org.springframework.security.web.access.ExceptionTranslationFilter@5d9576a0, org.springframework.security.web.access.intercept.AuthorizationFilter@75715a14]
2026-04-21T20:19:27.890+09:00  INFO 28944 --- [    Test worker] o.s.b.t.m.w.SpringBootMockServletContext : Initializing Spring TestDispatcherServlet ''
2026-04-21T20:19:27.891+09:00  INFO 28944 --- [    Test worker] o.s.t.web.servlet.TestDispatcherServlet  : Initializing Servlet ''
2026-04-21T20:19:27.891+09:00  INFO 28944 --- [    Test worker] o.s.t.web.servlet.TestDispatcherServlet  : Completed initialization in 0 ms
2026-04-21T20:19:27.900+09:00  INFO 28944 --- [    Test worker] c.s.controller.StudentControllerTest     : Started StudentControllerTest in 0.514 seconds (process running for 13.408)
]]></system-out>
  <system-err><![CDATA[]]></system-err>
</testsuite>
