<?xml version="1.0" encoding="UTF-8"?>
<testsuite name="com.studentmanagement.controller.NotificationControllerTest" tests="5" skipped="0" failures="0" errors="0" timestamp="2026-04-21T11:19:26" hostname="DESKTOP-J5HVA04" time="0.038">
  <properties/>
  <testcase name="markAsRead_notOwner_returns403()" classname="com.studentmanagement.controller.NotificationControllerTest" time="0.01"/>
  <testcase name="markAllAsRead_authenticated_returns200()" classname="com.studentmanagement.controller.NotificationControllerTest" time="0.007"/>
  <testcase name="getNotifications_noToken_returns403()" classname="com.studentmanagement.controller.NotificationControllerTest" time="0.003"/>
  <testcase name="markAsRead_owner_returns200()" classname="com.studentmanagement.controller.NotificationControllerTest" time="0.006"/>
  <testcase name="getNotifications_authenticated_returns200()" classname="com.studentmanagement.controller.NotificationControllerTest" time="0.007"/>
  <system-out><![CDATA[2026-04-21T20:19:26.134+09:00  INFO 28944 --- [    Test worker] t.c.s.AnnotationConfigContextLoaderUtils : Could not detect default configuration classes for test class [com.studentmanagement.controller.NotificationControllerTest]: NotificationControllerTest does not declare any static, non-private, non-final, nested classes annotated with @Configuration.
2026-04-21T20:19:26.151+09:00  INFO 28944 --- [    Test worker] .b.t.c.SpringBootTestContextBootstrapper : Found @SpringBootConfiguration com.studentmanagement.StudentManagementApplication for test class com.studentmanagement.controller.NotificationControllerTest
  .   ____          _            __ _ _
 /\\ / ___'_ __ _ _(_)_ __  __ _ \ \ \ \
( ( )\___ | '_ | '_| | '_ \/ _` | \ \ \ \
 \\/  ___)| |_)| | | | | || (_| |  ) ) ) )
  '  |____| .__|_| |_|_| |_\__, | / / / /
 =========|_|==============|___/=/_/_/_/

 :: Spring Boot ::                (v3.3.0)

2026-04-21T20:19:26.205+09:00  INFO 28944 --- [    Test worker] c.s.c.NotificationControllerTest         : Starting NotificationControllerTest using Java 21.0.9 with PID 28944 (started by woomin in C:\Users\woomin\Desktop\Project\dev)
2026-04-21T20:19:26.206+09:00  INFO 28944 --- [    Test worker] c.s.c.NotificationControllerTest         : No active profile set, falling back to 1 default profile: "default"
2026-04-21T20:19:26.548+09:00  WARN 28944 --- [    Test worker] .s.s.UserDetailsServiceAutoConfiguration : 

Using generated security password: 29bcc0b2-fb88-422b-ae07-25c3b7dc95b5

This generated password is for development use only. Your security configuration must be updated before running your application in production.

2026-04-21T20:19:26.550+09:00  INFO 28944 --- [    Test worker] r$InitializeUserDetailsManagerConfigurer : Global AuthenticationManager configured with UserDetailsService bean with name inMemoryUserDetailsManager
2026-04-21T20:19:26.633+09:00  INFO 28944 --- [    Test worker] o.s.s.web.DefaultSecurityFilterChain     : Will secure any request with [org.springframework.security.web.session.DisableEncodeUrlFilter@54eea16c, org.springframework.security.web.context.request.async.WebAsyncManagerIntegrationFilter@7d96618, org.springframework.security.web.context.SecurityContextHolderFilter@38cbbd0b, org.springframework.security.web.header.HeaderWriterFilter@4540aade, org.springframework.web.filter.CorsFilter@678db8be, org.springframework.security.web.authentication.logout.LogoutFilter@262ea940, com.studentmanagement.config.SecurityConfig$1@5910c67e, org.springframework.security.web.savedrequest.RequestCacheAwareFilter@56a34c0e, org.springframework.security.web.servletapi.SecurityContextHolderAwareRequestFilter@16750a5e, org.springframework.security.web.authentication.AnonymousAuthenticationFilter@77b7a4b2, org.springframework.security.web.session.SessionManagementFilter@697797e4, org.springframework.security.web.access.ExceptionTranslationFilter@628190ec, org.springframework.security.web.access.intercept.AuthorizationFilter@54b88247]
2026-04-21T20:19:26.696+09:00  INFO 28944 --- [    Test worker] o.s.b.t.m.w.SpringBootMockServletContext : Initializing Spring TestDispatcherServlet ''
2026-04-21T20:19:26.696+09:00  INFO 28944 --- [    Test worker] o.s.t.web.servlet.TestDispatcherServlet  : Initializing Servlet ''
2026-04-21T20:19:26.697+09:00  INFO 28944 --- [    Test worker] o.s.t.web.servlet.TestDispatcherServlet  : Completed initialization in 1 ms
2026-04-21T20:19:26.705+09:00  INFO 28944 --- [    Test worker] c.s.c.NotificationControllerTest         : Started NotificationControllerTest in 0.549 seconds (process running for 12.213)
]]></system-out>
  <system-err><![CDATA[]]></system-err>
</testsuite>
