<?xml version="1.0" encoding="UTF-8"?>
<testsuite name="com.studentmanagement.service.FeedbackServiceTest" tests="12" skipped="0" failures="0" errors="0" timestamp="2026-04-21T11:19:29" hostname="DESKTOP-J5HVA04" time="0.122">
  <properties/>
  <testcase name="create_whenStudentHasNoUser_notificationSentWithNullRecipient()" classname="com.studentmanagement.service.FeedbackServiceTest" time="0.072"/>
  <testcase name="update_whenFeedbackNotFound_throwsResourceNotFoundException()" classname="com.studentmanagement.service.FeedbackServiceTest" time="0.003"/>
  <testcase name="getFeedbacks_whenRequesterIsStudent_returnsOnlyPublic()" classname="com.studentmanagement.service.FeedbackServiceTest" time="0.017"/>
  <testcase name="getFeedbacks_whenRequesterIsParent_returnsOnlyPublic()" classname="com.studentmanagement.service.FeedbackServiceTest" time="0.003"/>
  <testcase name="getFeedbacks_whenRequesterNotFound_throwsResourceNotFoundException()" classname="com.studentmanagement.service.FeedbackServiceTest" time="0.004"/>
  <testcase name="update_whenNotAuthor_throwsUnauthorizedException()" classname="com.studentmanagement.service.FeedbackServiceTest" time="0.003"/>
  <testcase name="update_whenAuthor_updatesFeedback()" classname="com.studentmanagement.service.FeedbackServiceTest" time="0.002"/>
  <testcase name="getFeedbacks_whenRequesterIsTeacher_returnsAll()" classname="com.studentmanagement.service.FeedbackServiceTest" time="0.004"/>
  <testcase name="delete_whenNotAuthor_throwsUnauthorizedException()" classname="com.studentmanagement.service.FeedbackServiceTest" time="0.003"/>
  <testcase name="delete_whenAuthor_deletesFeedback()" classname="com.studentmanagement.service.FeedbackServiceTest" time="0.002"/>
  <testcase name="create_whenStudentNotFound_throwsResourceNotFoundException()" classname="com.studentmanagement.service.FeedbackServiceTest" time="0.001"/>
  <testcase name="create_whenValid_savesAndSendsNotification()" classname="com.studentmanagement.service.FeedbackServiceTest" time="0.002"/>
  <system-out><![CDATA[]]></system-out>
  <system-err><![CDATA[]]></system-err>
</testsuite>
