<?xml version="1.0" encoding="UTF-8"?>
<testsuite name="com.studentmanagement.service.CounselingServiceTest" tests="9" skipped="0" failures="0" errors="0" timestamp="2026-04-21T11:19:29" hostname="DESKTOP-J5HVA04" time="0.154">
  <properties/>
  <testcase name="create_whenTeacherNotFound_throwsResourceNotFoundException()" classname="com.studentmanagement.service.CounselingServiceTest" time="0.126"/>
  <testcase name="update_whenAuthor_updatesFields()" classname="com.studentmanagement.service.CounselingServiceTest" time="0.005"/>
  <testcase name="delete_whenAuthor_succeeds()" classname="com.studentmanagement.service.CounselingServiceTest" time="0.003"/>
  <testcase name="update_whenNotAuthor_throwsUnauthorizedException()" classname="com.studentmanagement.service.CounselingServiceTest" time="0.003"/>
  <testcase name="create_whenNoShareScope_defaultsToAll()" classname="com.studentmanagement.service.CounselingServiceTest" time="0.003"/>
  <testcase name="update_whenNotFound_throwsResourceNotFoundException()" classname="com.studentmanagement.service.CounselingServiceTest" time="0.003"/>
  <testcase name="delete_whenNotAuthor_throwsUnauthorizedException()" classname="com.studentmanagement.service.CounselingServiceTest" time="0.002"/>
  <testcase name="create_whenStudentNotFound_throwsResourceNotFoundException()" classname="com.studentmanagement.service.CounselingServiceTest" time="0.002"/>
  <testcase name="create_whenValid_savesAndSendsNotification()" classname="com.studentmanagement.service.CounselingServiceTest" time="0.002"/>
  <system-out><![CDATA[]]></system-out>
  <system-err><![CDATA[]]></system-err>
</testsuite>
