<?xml version="1.0" encoding="UTF-8"?>
<testsuite name="com.studentmanagement.controller.UserControllerTest" tests="13" skipped="0" failures="0" errors="0" timestamp="2026-04-21T11:19:28" hostname="DESKTOP-J5HVA04" time="0.117">
  <properties/>
  <testcase name="getAll_admin_returns200()" classname="com.studentmanagement.controller.UserControllerTest" time="0.014"/>
  <testcase name="getAll_noToken_returns403()" classname="com.studentmanagement.controller.UserControllerTest" time="0.003"/>
  <testcase name="update_admin_returns200()" classname="com.studentmanagement.controller.UserControllerTest" time="0.012"/>
  <testcase name="getAll_teacher_returns403()" classname="com.studentmanagement.controller.UserControllerTest" time="0.006"/>
  <testcase name="delete_teacher_returns403()" classname="com.studentmanagement.controller.UserControllerTest" time="0.006"/>
  <testcase name="getMe_anyRole_returns200()" classname="com.studentmanagement.controller.UserControllerTest" time="0.005"/>
  <testcase name="delete_admin_returns200()" classname="com.studentmanagement.controller.UserControllerTest" time="0.006"/>
  <testcase name="getMe_noToken_returns403()" classname="com.studentmanagement.controller.UserControllerTest" time="0.006"/>
  <testcase name="create_teacher_returns403()" classname="com.studentmanagement.controller.UserControllerTest" time="0.007"/>
  <testcase name="update_teacher_returns403()" classname="com.studentmanagement.controller.UserControllerTest" time="0.007"/>
  <testcase name="updateMe_anyRole_returns200()" classname="com.studentmanagement.controller.UserControllerTest" time="0.008"/>
  <testcase name="update_notFound_returns404()" classname="com.studentmanagement.controller.UserControllerTest" time="0.007"/>
  <testcase name="create_admin_returns201()" classname="com.studentmanagement.controller.UserControllerTest" time="0.015"/>
  <system-out><![CDATA[2026-04-21T20:19:28.005+09:00  INFO 28944 --- [    Test worker] t.c.s.AnnotationConfigContextLoaderUtils : Could not detect default configuration classes for test class [com.studentmanagement.controller.UserControllerTest]: UserControllerTest does not declare any static, non-private, non-final, nested classes annotated with @Configuration.
2026-04-21T20:19:28.017+09:00  INFO 28944 --- [    Test worker] .b.t.c.SpringBootTestContextBootstrapper : Found @SpringBootConfiguration com.studentmanagement.StudentManagementApplication for test class com.studentmanagement.controller.UserControllerTest
  .   ____          _            __ _ _
 /\\ / ___'_ __ _ _(_)_ __  __ _ \ \ \ \
( ( )\___ | '_ | '_| | '_ \/ _` | \ \ \ \
 \\/  ___)| |_)| | | | | || (_| |  ) ) ) )
  '  |____| .__|_| |_|_| |_\__, | / / / /
 =========|_|==============|___/=/_/_/_/

 :: Spring Boot ::                (v3.3.0)

2026-04-21T20:19:28.056+09:00  INFO 28944 --- [    Test worker] c.s.controller.UserControllerTest        : Starting UserControllerTest using Java 21.0.9 with PID 28944 (started by woomin in C:\Users\woomin\Desktop\Project\dev)
2026-04-21T20:19:28.056+09:00  INFO 28944 --- [    Test worker] c.s.controller.UserControllerTest        : No active profile set, falling back to 1 default profile: "default"
2026-04-21T20:19:28.363+09:00  WARN 28944 --- [    Test worker] .s.s.UserDetailsServiceAutoConfiguration : 

Using generated security password: a764beda-5aad-4d3f-aada-400808341a7b

This generated password is for development use only. Your security configuration must be updated before running your application in production.

2026-04-21T20:19:28.364+09:00  INFO 28944 --- [    Test worker] r$InitializeUserDetailsManagerConfigurer : Global AuthenticationManager configured with UserDetailsService bean with name inMemoryUserDetailsManager
2026-04-21T20:19:28.440+09:00  INFO 28944 --- [    Test worker] o.s.s.web.DefaultSecurityFilterChain     : Will secure any request with [org.springframework.security.web.session.DisableEncodeUrlFilter@39993624, org.springframework.security.web.context.request.async.WebAsyncManagerIntegrationFilter@1926a40f, org.springframework.security.web.context.SecurityContextHolderFilter@4f042c70, org.springframework.security.web.header.HeaderWriterFilter@4098a6b0, org.springframework.web.filter.CorsFilter@6ddf3c5e, org.springframework.security.web.authentication.logout.LogoutFilter@78cb1a92, com.studentmanagement.config.SecurityConfig$1@54139bd3, org.springframework.security.web.savedrequest.RequestCacheAwareFilter@39f826ae, org.springframework.security.web.servletapi.SecurityContextHolderAwareRequestFilter@3c50ba07, org.springframework.security.web.authentication.AnonymousAuthenticationFilter@68fac558, org.springframework.security.web.session.SessionManagementFilter@5f4ebecd, org.springframework.security.web.access.ExceptionTranslationFilter@6b83b137, org.springframework.security.web.access.intercept.AuthorizationFilter@39c78cf9]
2026-04-21T20:19:28.485+09:00  INFO 28944 --- [    Test worker] o.s.b.t.m.w.SpringBootMockServletContext : Initializing Spring TestDispatcherServlet ''
2026-04-21T20:19:28.485+09:00  INFO 28944 --- [    Test worker] o.s.t.web.servlet.TestDispatcherServlet  : Initializing Servlet ''
2026-04-21T20:19:28.485+09:00  INFO 28944 --- [    Test worker] o.s.t.web.servlet.TestDispatcherServlet  : Completed initialization in 0 ms
2026-04-21T20:19:28.491+09:00  INFO 28944 --- [    Test worker] c.s.controller.UserControllerTest        : Started UserControllerTest in 0.47 seconds (process running for 13.999)
]]></system-out>
  <system-err><![CDATA[]]></system-err>
</testsuite>
