<?xml version="1.0" encoding="UTF-8"?>
<testsuite name="com.studentmanagement.controller.AuthControllerTest" tests="12" skipped="0" failures="0" errors="0" timestamp="2026-04-21T11:19:22" hostname="DESKTOP-J5HVA04" time="0.984">
  <properties/>
  <testcase name="login_whenWrongPassword_returns403()" classname="com.studentmanagement.controller.AuthControllerTest" time="0.659"/>
  <testcase name="resetPassword_returns200()" classname="com.studentmanagement.controller.AuthControllerTest" time="0.044"/>
  <testcase name="register_whenInvalidEmail_returns400()" classname="com.studentmanagement.controller.AuthControllerTest" time="0.048"/>
  <testcase name="logout_returns200_noAuthRequired()" classname="com.studentmanagement.controller.AuthControllerTest" time="0.01"/>
  <testcase name="changePassword_whenNoToken_returns403()" classname="com.studentmanagement.controller.AuthControllerTest" time="0.103"/>
  <testcase name="changePassword_whenAuthenticated_returns200()" classname="com.studentmanagement.controller.AuthControllerTest" time="0.022"/>
  <testcase name="register_returns201()" classname="com.studentmanagement.controller.AuthControllerTest" time="0.018"/>
  <testcase name="refresh_whenInvalidToken_returns403()" classname="com.studentmanagement.controller.AuthControllerTest" time="0.016"/>
  <testcase name="login_returns200WithTokens()" classname="com.studentmanagement.controller.AuthControllerTest" time="0.015"/>
  <testcase name="resetPassword_whenNotFound_returns404()" classname="com.studentmanagement.controller.AuthControllerTest" time="0.008"/>
  <testcase name="register_whenAdminRole_returns400()" classname="com.studentmanagement.controller.AuthControllerTest" time="0.008"/>
  <testcase name="refresh_returns200()" classname="com.studentmanagement.controller.AuthControllerTest" time="0.007"/>
  <system-out><![CDATA[20:19:16.004 [Test worker] INFO org.springframework.test.context.support.AnnotationConfigContextLoaderUtils -- Could not detect default configuration classes for test class [com.studentmanagement.controller.AuthControllerTest]: AuthControllerTest does not declare any static, non-private, non-final, nested classes annotated with @Configuration.
20:19:16.309 [Test worker] INFO org.springframework.boot.test.context.SpringBootTestContextBootstrapper -- Found @SpringBootConfiguration com.studentmanagement.StudentManagementApplication for test class com.studentmanagement.controller.AuthControllerTest
  .   ____          _            __ _ _
 /\\ / ___'_ __ _ _(_)_ __  __ _ \ \ \ \
( ( )\___ | '_ | '_| | '_ \/ _` | \ \ \ \
 \\/  ___)| |_)| | | | | || (_| |  ) ) ) )
  '  |____| .__|_| |_|_| |_\__, | / / / /
 =========|_|==============|___/=/_/_/_/

 :: Spring Boot ::                (v3.3.0)

2026-04-21T20:19:17.014+09:00  INFO 28944 --- [    Test worker] c.s.controller.AuthControllerTest        : Starting AuthControllerTest using Java 21.0.9 with PID 28944 (started by woomin in C:\Users\woomin\Desktop\Project\dev)
2026-04-21T20:19:17.016+09:00  INFO 28944 --- [    Test worker] c.s.controller.AuthControllerTest        : No active profile set, falling back to 1 default profile: "default"
2026-04-21T20:19:20.502+09:00  WARN 28944 --- [    Test worker] .s.s.UserDetailsServiceAutoConfiguration : 

Using generated security password: 347117a9-02c1-4675-964b-de410109e68f

This generated password is for development use only. Your security configuration must be updated before running your application in production.

2026-04-21T20:19:20.542+09:00  INFO 28944 --- [    Test worker] r$InitializeUserDetailsManagerConfigurer : Global AuthenticationManager configured with UserDetailsService bean with name inMemoryUserDetailsManager
2026-04-21T20:19:21.711+09:00  INFO 28944 --- [    Test worker] o.s.s.web.DefaultSecurityFilterChain     : Will secure any request with [org.springframework.security.web.session.DisableEncodeUrlFilter@3f908bc0, org.springframework.security.web.context.request.async.WebAsyncManagerIntegrationFilter@422ba9b7, org.springframework.security.web.context.SecurityContextHolderFilter@197d5a87, org.springframework.security.web.header.HeaderWriterFilter@46591e98, org.springframework.web.filter.CorsFilter@26cdd4af, org.springframework.security.web.authentication.logout.LogoutFilter@556aed22, com.studentmanagement.config.SecurityConfig$1@4f525e13, org.springframework.security.web.savedrequest.RequestCacheAwareFilter@616f81b5, org.springframework.security.web.servletapi.SecurityContextHolderAwareRequestFilter@1c411474, org.springframework.security.web.authentication.AnonymousAuthenticationFilter@707f4647, org.springframework.security.web.session.SessionManagementFilter@638d2ce3, org.springframework.security.web.access.ExceptionTranslationFilter@5af40e45, org.springframework.security.web.access.intercept.AuthorizationFilter@3359c3f6]
2026-04-21T20:19:22.419+09:00  INFO 28944 --- [    Test worker] o.s.b.t.m.w.SpringBootMockServletContext : Initializing Spring TestDispatcherServlet ''
2026-04-21T20:19:22.419+09:00  INFO 28944 --- [    Test worker] o.s.t.web.servlet.TestDispatcherServlet  : Initializing Servlet ''
2026-04-21T20:19:22.421+09:00  INFO 28944 --- [    Test worker] o.s.t.web.servlet.TestDispatcherServlet  : Completed initialization in 2 ms
2026-04-21T20:19:22.483+09:00  INFO 28944 --- [    Test worker] c.s.controller.AuthControllerTest        : Started AuthControllerTest in 6.024 seconds (process running for 7.99)
]]></system-out>
  <system-err><![CDATA[WARNING: A Java agent has been loaded dynamically (C:\Users\woomin\.gradle\caches\modules-2\files-2.1\net.bytebuddy\byte-buddy-agent\1.14.16\4a451ee6484abac3a498df0f3b33ed00a6fced4d\byte-buddy-agent-1.14.16.jar)
WARNING: If a serviceability tool is in use, please run with -XX:+EnableDynamicAgentLoading to hide this warning
WARNING: If a serviceability tool is not in use, please run with -Djdk.instrument.traceUsage for more information
WARNING: Dynamic loading of agents will be disallowed by default in a future release
]]></system-err>
</testsuite>
