<?xml version="1.0" encoding="UTF-8"?>
<testsuite name="com.studentmanagement.controller.GradeControllerTest" tests="16" skipped="0" failures="0" errors="0" timestamp="2026-04-21T11:19:25" hostname="DESKTOP-J5HVA04" time="0.354">
  <properties/>
  <testcase name="createGrade_student_returns403()" classname="com.studentmanagement.controller.GradeControllerTest" time="0.051"/>
  <testcase name="getGrades_admin_returns403()" classname="com.studentmanagement.controller.GradeControllerTest" time="0.01"/>
  <testcase name="updateGrade_teacher_returns200()" classname="com.studentmanagement.controller.GradeControllerTest" time="0.036"/>
  <testcase name="getGrades_parent_returns200()" classname="com.studentmanagement.controller.GradeControllerTest" time="0.007"/>
  <testcase name="getStats_student_returns403()" classname="com.studentmanagement.controller.GradeControllerTest" time="0.017"/>
  <testcase name="createGrade_teacher_returns201()" classname="com.studentmanagement.controller.GradeControllerTest" time="0.014"/>
  <testcase name="getGrades_student_returns200()" classname="com.studentmanagement.controller.GradeControllerTest" time="0.012"/>
  <testcase name="deleteGrade_student_returns403()" classname="com.studentmanagement.controller.GradeControllerTest" time="0.027"/>
  <testcase name="getGrades_noToken_returns403()" classname="com.studentmanagement.controller.GradeControllerTest" time="0.006"/>
  <testcase name="createGrade_studentNotFound_returns404()" classname="com.studentmanagement.controller.GradeControllerTest" time="0.012"/>
  <testcase name="getStats_teacher_returns200()" classname="com.studentmanagement.controller.GradeControllerTest" time="0.011"/>
  <testcase name="createGrade_invalidScore_returns400()" classname="com.studentmanagement.controller.GradeControllerTest" time="0.099"/>
  <testcase name="getStats_admin_returns200()" classname="com.studentmanagement.controller.GradeControllerTest" time="0.007"/>
  <testcase name="getGrades_teacher_returns200()" classname="com.studentmanagement.controller.GradeControllerTest" time="0.007"/>
  <testcase name="deleteGrade_teacher_returns200()" classname="com.studentmanagement.controller.GradeControllerTest" time="0.007"/>
  <testcase name="updateGrade_student_returns403()" classname="com.studentmanagement.controller.GradeControllerTest" time="0.007"/>
  <system-out><![CDATA[2026-04-21T20:19:25.160+09:00  INFO 28944 --- [    Test worker] t.c.s.AnnotationConfigContextLoaderUtils : Could not detect default configuration classes for test class [com.studentmanagement.controller.GradeControllerTest]: GradeControllerTest does not declare any static, non-private, non-final, nested classes annotated with @Configuration.
2026-04-21T20:19:25.178+09:00  INFO 28944 --- [    Test worker] .b.t.c.SpringBootTestContextBootstrapper : Found @SpringBootConfiguration com.studentmanagement.StudentManagementApplication for test class com.studentmanagement.controller.GradeControllerTest
  .   ____          _            __ _ _
 /\\ / ___'_ __ _ _(_)_ __  __ _ \ \ \ \
( ( )\___ | '_ | '_| | '_ \/ _` | \ \ \ \
 \\/  ___)| |_)| | | | | || (_| |  ) ) ) )
  '  |____| .__|_| |_|_| |_\__, | / / / /
 =========|_|==============|___/=/_/_/_/

 :: Spring Boot ::                (v3.3.0)

2026-04-21T20:19:25.231+09:00  INFO 28944 --- [    Test worker] c.s.controller.GradeControllerTest       : Starting GradeControllerTest using Java 21.0.9 with PID 28944 (started by woomin in C:\Users\woomin\Desktop\Project\dev)
2026-04-21T20:19:25.231+09:00  INFO 28944 --- [    Test worker] c.s.controller.GradeControllerTest       : No active profile set, falling back to 1 default profile: "default"
2026-04-21T20:19:25.570+09:00  WARN 28944 --- [    Test worker] .s.s.UserDetailsServiceAutoConfiguration : 

Using generated security password: b5bbb9fd-9f37-4178-b45d-e201bf5f56fe

This generated password is for development use only. Your security configuration must be updated before running your application in production.

2026-04-21T20:19:25.572+09:00  INFO 28944 --- [    Test worker] r$InitializeUserDetailsManagerConfigurer : Global AuthenticationManager configured with UserDetailsService bean with name inMemoryUserDetailsManager
2026-04-21T20:19:25.695+09:00  INFO 28944 --- [    Test worker] o.s.s.web.DefaultSecurityFilterChain     : Will secure any request with [org.springframework.security.web.session.DisableEncodeUrlFilter@77d7d2d0, org.springframework.security.web.context.request.async.WebAsyncManagerIntegrationFilter@63075ad1, org.springframework.security.web.context.SecurityContextHolderFilter@510d4d4b, org.springframework.security.web.header.HeaderWriterFilter@2438a038, org.springframework.web.filter.CorsFilter@5fa0943d, org.springframework.security.web.authentication.logout.LogoutFilter@18918ab9, com.studentmanagement.config.SecurityConfig$1@100d5018, org.springframework.security.web.savedrequest.RequestCacheAwareFilter@12f32f99, org.springframework.security.web.servletapi.SecurityContextHolderAwareRequestFilter@73ab649f, org.springframework.security.web.authentication.AnonymousAuthenticationFilter@73bb782d, org.springframework.security.web.session.SessionManagementFilter@50b010d4, org.springframework.security.web.access.ExceptionTranslationFilter@60147536, org.springframework.security.web.access.intercept.AuthorizationFilter@3b32f0b4]
2026-04-21T20:19:25.762+09:00  INFO 28944 --- [    Test worker] o.s.b.t.m.w.SpringBootMockServletContext : Initializing Spring TestDispatcherServlet ''
2026-04-21T20:19:25.762+09:00  INFO 28944 --- [    Test worker] o.s.t.web.servlet.TestDispatcherServlet  : Initializing Servlet ''
2026-04-21T20:19:25.763+09:00  INFO 28944 --- [    Test worker] o.s.t.web.servlet.TestDispatcherServlet  : Completed initialization in 1 ms
2026-04-21T20:19:25.772+09:00  INFO 28944 --- [    Test worker] c.s.controller.GradeControllerTest       : Started GradeControllerTest in 0.589 seconds (process running for 11.28)
]]></system-out>
  <system-err><![CDATA[]]></system-err>
</testsuite>
