<?xml version="1.0" encoding="UTF-8"?>
<testsuite name="com.studentmanagement.service.AuthServiceTest" tests="15" skipped="0" failures="0" errors="0" timestamp="2026-04-21T11:19:28" hostname="DESKTOP-J5HVA04" time="0.519">
  <properties/>
  <testcase name="register_whenAdminRole_throwsIllegalArgumentException()" classname="com.studentmanagement.service.AuthServiceTest" time="0.451"/>
  <testcase name="register_whenDuplicateEmail_throwsIllegalArgumentException()" classname="com.studentmanagement.service.AuthServiceTest" time="0.004"/>
  <testcase name="changePassword_whenUserNotFound_throwsResourceNotFoundException()" classname="com.studentmanagement.service.AuthServiceTest" time="0.004"/>
  <testcase name="refresh_whenValidToken_returnsNewTokenPair()" classname="com.studentmanagement.service.AuthServiceTest" time="0.011"/>
  <testcase name="sendResetPasswordEmail_whenEmailExists_sendsMailAndUpdatesPassword()" classname="com.studentmanagement.service.AuthServiceTest" time="0.018"/>
  <testcase name="changePassword_whenCurrentPasswordMatches_encodesNewPassword()" classname="com.studentmanagement.service.AuthServiceTest" time="0.003"/>
  <testcase name="login_whenValidCredentials_returnsTokenPair()" classname="com.studentmanagement.service.AuthServiceTest" time="0.003"/>
  <testcase name="changePassword_whenCurrentPasswordWrong_throwsUnauthorizedException()" classname="com.studentmanagement.service.AuthServiceTest" time="0.002"/>
  <testcase name="refresh_whenInvalidToken_throwsUnauthorizedException()" classname="com.studentmanagement.service.AuthServiceTest" time="0.002"/>
  <testcase name="sendResetPasswordEmail_whenEmailNotFound_throwsResourceNotFoundException()" classname="com.studentmanagement.service.AuthServiceTest" time="0.002"/>
  <testcase name="login_whenEmailNotFound_throwsUnauthorizedException()" classname="com.studentmanagement.service.AuthServiceTest" time="0.002"/>
  <testcase name="login_whenWrongPassword_throwsUnauthorizedException()" classname="com.studentmanagement.service.AuthServiceTest" time="0.002"/>
  <testcase name="register_passwordIsEncoded()" classname="com.studentmanagement.service.AuthServiceTest" time="0.003"/>
  <testcase name="register_whenValidRequest_returnsUserResponse()" classname="com.studentmanagement.service.AuthServiceTest" time="0.003"/>
  <testcase name="sendResetPasswordEmail_tempPasswordIsEightChars()" classname="com.studentmanagement.service.AuthServiceTest" time="0.003"/>
  <system-out><![CDATA[]]></system-out>
  <system-err><![CDATA[]]></system-err>
</testsuite>
