<?xml version="1.0" encoding="UTF-8"?>
<testsuite name="com.studentmanagement.controller.ReportControllerTest" tests="6" skipped="0" failures="0" errors="0" timestamp="2026-04-21T11:19:27" hostname="DESKTOP-J5HVA04" time="0.074">
  <properties/>
  <testcase name="getPreview_student_returns403()" classname="com.studentmanagement.controller.ReportControllerTest" time="0.021"/>
  <testcase name="getPreview_teacher_returns200()" classname="com.studentmanagement.controller.ReportControllerTest" time="0.014"/>
  <testcase name="download_contentDispositionHeaderPresent()" classname="com.studentmanagement.controller.ReportControllerTest" time="0.013"/>
  <testcase name="downloadExcel_teacher_returns200WithXlsxContentType()" classname="com.studentmanagement.controller.ReportControllerTest" time="0.007"/>
  <testcase name="getPreview_admin_returns200()" classname="com.studentmanagement.controller.ReportControllerTest" time="0.007"/>
  <testcase name="downloadPdf_teacher_returns200WithPdfContentType()" classname="com.studentmanagement.controller.ReportControllerTest" time="0.006"/>
  <system-out><![CDATA[2026-04-21T20:19:26.753+09:00  INFO 28944 --- [    Test worker] t.c.s.AnnotationConfigContextLoaderUtils : Could not detect default configuration classes for test class [com.studentmanagement.controller.ReportControllerTest]: ReportControllerTest does not declare any static, non-private, non-final, nested classes annotated with @Configuration.
2026-04-21T20:19:26.768+09:00  INFO 28944 --- [    Test worker] .b.t.c.SpringBootTestContextBootstrapper : Found @SpringBootConfiguration com.studentmanagement.StudentManagementApplication for test class com.studentmanagement.controller.ReportControllerTest
  .   ____          _            __ _ _
 /\\ / ___'_ __ _ _(_)_ __  __ _ \ \ \ \
( ( )\___ | '_ | '_| | '_ \/ _` | \ \ \ \
 \\/  ___)| |_)| | | | | || (_| |  ) ) ) )
  '  |____| .__|_| |_|_| |_\__, | / / / /
 =========|_|==============|___/=/_/_/_/

 :: Spring Boot ::                (v3.3.0)

2026-04-21T20:19:26.806+09:00  INFO 28944 --- [    Test worker] c.s.controller.ReportControllerTest      : Starting ReportControllerTest using Java 21.0.9 with PID 28944 (started by woomin in C:\Users\woomin\Desktop\Project\dev)
2026-04-21T20:19:26.807+09:00  INFO 28944 --- [    Test worker] c.s.controller.ReportControllerTest      : No active profile set, falling back to 1 default profile: "default"
2026-04-21T20:19:27.149+09:00  WARN 28944 --- [    Test worker] .s.s.UserDetailsServiceAutoConfiguration : 

Using generated security password: 715e9707-5dec-4391-bf83-3e96bb0d0747

This generated password is for development use only. Your security configuration must be updated before running your application in production.

2026-04-21T20:19:27.150+09:00  INFO 28944 --- [    Test worker] r$InitializeUserDetailsManagerConfigurer : Global AuthenticationManager configured with UserDetailsService bean with name inMemoryUserDetailsManager
2026-04-21T20:19:27.229+09:00  INFO 28944 --- [    Test worker] o.s.s.web.DefaultSecurityFilterChain     : Will secure any request with [org.springframework.security.web.session.DisableEncodeUrlFilter@3df920, org.springframework.security.web.context.request.async.WebAsyncManagerIntegrationFilter@2806c788, org.springframework.security.web.context.SecurityContextHolderFilter@41d34a11, org.springframework.security.web.header.HeaderWriterFilter@9fe1e14, org.springframework.web.filter.CorsFilter@4ef6177c, org.springframework.security.web.authentication.logout.LogoutFilter@757bbd02, com.studentmanagement.config.SecurityConfig$1@4015c65b, org.springframework.security.web.savedrequest.RequestCacheAwareFilter@2a58d00a, org.springframework.security.web.servletapi.SecurityContextHolderAwareRequestFilter@53af65eb, org.springframework.security.web.authentication.AnonymousAuthenticationFilter@45b4d2ff, org.springframework.security.web.session.SessionManagementFilter@d4e17ec, org.springframework.security.web.access.ExceptionTranslationFilter@5cb6fac3, org.springframework.security.web.access.intercept.AuthorizationFilter@316745d8]
2026-04-21T20:19:27.279+09:00  INFO 28944 --- [    Test worker] o.s.b.t.m.w.SpringBootMockServletContext : Initializing Spring TestDispatcherServlet ''
2026-04-21T20:19:27.280+09:00  INFO 28944 --- [    Test worker] o.s.t.web.servlet.TestDispatcherServlet  : Initializing Servlet ''
2026-04-21T20:19:27.280+09:00  INFO 28944 --- [    Test worker] o.s.t.web.servlet.TestDispatcherServlet  : Completed initialization in 0 ms
2026-04-21T20:19:27.286+09:00  INFO 28944 --- [    Test worker] c.s.controller.ReportControllerTest      : Started ReportControllerTest in 0.514 seconds (process running for 12.794)
]]></system-out>
  <system-err><![CDATA[]]></system-err>
</testsuite>
