<?xml version="1.0" encoding="UTF-8"?>
<testsuite name="com.studentmanagement.controller.FeedbackControllerTest" tests="9" skipped="0" failures="0" errors="0" timestamp="2026-04-21T11:19:25" hostname="DESKTOP-J5HVA04" time="0.122">
  <properties/>
  <testcase name="getFeedbacks_parent_returns200()" classname="com.studentmanagement.controller.FeedbackControllerTest" time="0.02"/>
  <testcase name="updateFeedback_teacher_returns200()" classname="com.studentmanagement.controller.FeedbackControllerTest" time="0.027"/>
  <testcase name="createFeedback_student_returns403()" classname="com.studentmanagement.controller.FeedbackControllerTest" time="0.013"/>
  <testcase name="updateFeedback_notAuthor_returns403()" classname="com.studentmanagement.controller.FeedbackControllerTest" time="0.009"/>
  <testcase name="createFeedback_teacher_returns201()" classname="com.studentmanagement.controller.FeedbackControllerTest" time="0.01"/>
  <testcase name="deleteFeedback_teacher_returns200()" classname="com.studentmanagement.controller.FeedbackControllerTest" time="0.007"/>
  <testcase name="getFeedbacks_student_returns200()" classname="com.studentmanagement.controller.FeedbackControllerTest" time="0.008"/>
  <testcase name="deleteFeedback_notAuthor_returns403()" classname="com.studentmanagement.controller.FeedbackControllerTest" time="0.01"/>
  <testcase name="getFeedbacks_teacher_returns200()" classname="com.studentmanagement.controller.FeedbackControllerTest" time="0.006"/>
  <system-out><![CDATA[2026-04-21T20:19:24.383+09:00  INFO 28944 --- [    Test worker] t.c.s.AnnotationConfigContextLoaderUtils : Could not detect default configuration classes for test class [com.studentmanagement.controller.FeedbackControllerTest]: FeedbackControllerTest does not declare any static, non-private, non-final, nested classes annotated with @Configuration.
2026-04-21T20:19:24.400+09:00  INFO 28944 --- [    Test worker] .b.t.c.SpringBootTestContextBootstrapper : Found @SpringBootConfiguration com.studentmanagement.StudentManagementApplication for test class com.studentmanagement.controller.FeedbackControllerTest
  .   ____          _            __ _ _
 /\\ / ___'_ __ _ _(_)_ __  __ _ \ \ \ \
( ( )\___ | '_ | '_| | '_ \/ _` | \ \ \ \
 \\/  ___)| |_)| | | | | || (_| |  ) ) ) )
  '  |____| .__|_| |_|_| |_\__, | / / / /
 =========|_|==============|___/=/_/_/_/

 :: Spring Boot ::                (v3.3.0)

2026-04-21T20:19:24.444+09:00  INFO 28944 --- [    Test worker] c.s.controller.FeedbackControllerTest    : Starting FeedbackControllerTest using Java 21.0.9 with PID 28944 (started by woomin in C:\Users\woomin\Desktop\Project\dev)
2026-04-21T20:19:24.444+09:00  INFO 28944 --- [    Test worker] c.s.controller.FeedbackControllerTest    : No active profile set, falling back to 1 default profile: "default"
2026-04-21T20:19:24.810+09:00  WARN 28944 --- [    Test worker] .s.s.UserDetailsServiceAutoConfiguration : 

Using generated security password: fe1d9815-3617-46cf-b922-255088ca7e12

This generated password is for development use only. Your security configuration must be updated before running your application in production.

2026-04-21T20:19:24.812+09:00  INFO 28944 --- [    Test worker] r$InitializeUserDetailsManagerConfigurer : Global AuthenticationManager configured with UserDetailsService bean with name inMemoryUserDetailsManager
2026-04-21T20:19:24.949+09:00  INFO 28944 --- [    Test worker] o.s.s.web.DefaultSecurityFilterChain     : Will secure any request with [org.springframework.security.web.session.DisableEncodeUrlFilter@5418a659, org.springframework.security.web.context.request.async.WebAsyncManagerIntegrationFilter@46067a74, org.springframework.security.web.context.SecurityContextHolderFilter@b867869, org.springframework.security.web.header.HeaderWriterFilter@2db4a84a, org.springframework.web.filter.CorsFilter@2d26c6a2, org.springframework.security.web.authentication.logout.LogoutFilter@6d5fea64, com.studentmanagement.config.SecurityConfig$1@254210b1, org.springframework.security.web.savedrequest.RequestCacheAwareFilter@7b6b8cea, org.springframework.security.web.servletapi.SecurityContextHolderAwareRequestFilter@73158d35, org.springframework.security.web.authentication.AnonymousAuthenticationFilter@362e6fe, org.springframework.security.web.session.SessionManagementFilter@5cef5fc9, org.springframework.security.web.access.ExceptionTranslationFilter@1d1da00b, org.springframework.security.web.access.intercept.AuthorizationFilter@155767a7]
2026-04-21T20:19:25.015+09:00  INFO 28944 --- [    Test worker] o.s.b.t.m.w.SpringBootMockServletContext : Initializing Spring TestDispatcherServlet ''
2026-04-21T20:19:25.015+09:00  INFO 28944 --- [    Test worker] o.s.t.web.servlet.TestDispatcherServlet  : Initializing Servlet ''
2026-04-21T20:19:25.017+09:00  INFO 28944 --- [    Test worker] o.s.t.web.servlet.TestDispatcherServlet  : Completed initialization in 2 ms
2026-04-21T20:19:25.026+09:00  INFO 28944 --- [    Test worker] c.s.controller.FeedbackControllerTest    : Started FeedbackControllerTest in 0.622 seconds (process running for 10.533)
]]></system-out>
  <system-err><![CDATA[]]></system-err>
</testsuite>
